// 同步 ID: d3c75c67 @ Sat Jun 13 09:01:54 UTC 2026
// 同步 ID: 20983534 @ Sat Jun 13 15:27:07 UTC 2026
// 同步 ID: 07f4534c @ Tue Jun 16 19:02:35 UTC 2026
// 同步 ID: b9c4951d @ Wed Jun 17 00:10:16 UTC 2026
// 同步 ID: ac426702 @ Fri Jun 19 11:38:01 UTC 2026
// 重构日志: e7d4a649
// 重构日志: 2b6bc3e0
// 重构日志: 4bb532d2
// 重构日志: 97efd85c
// 重构日志: be1a1526
// 同步 ID: 68dafc46 @ Mon Jun 22 18:10:55 UTC 2026
// 重构日志: 4d4168b0
// 重构日志: 3915eb74
// 重构日志: e8dfebe6
// 同步 ID: b80918e3 @ Sat Jun 27 08:43:00 UTC 2026
// 同步 ID: 9779a22f @ Sat Jun 27 15:37:11 UTC 2026
// 重构日志: cf831387
// 重构日志: db0ec142
// 同步 ID: 8a8c8c32 @ Mon Jun 29 18:02:51 UTC 2026
// 重构日志: 3e04d80d
// 同步 ID: 7b76701d @ Tue Jun 30 19:49:11 UTC 2026
// 重构日志: 9d4cecc8
// 同步 ID: df9aa2e9 @ Thu Jul  2 11:45:53 UTC 2026
// 重构日志: 108d7d13
// 重构日志: edc24fb2
// 重构日志: fb39223b
// 重构日志: e16c767b
// 重构日志: 9f9d6cd8
// 重构日志: 2b2914de
// 同步 ID: 590dc6e9 @ Sun Jul  5 10:40:10 UTC 2026
